<?xml version="1.0" encoding="UTF-8"?>
<testsuite xmlns:xsi="http://www.w3.org/2001/XMLSchema-instance" xsi:noNamespaceSchemaLocation="https://maven.apache.org/surefire/maven-surefire-plugin/xsd/surefire-test-report-3.0.xsd" version="3.0" name="com.udacity.catpoint.CatpointAppTests" time="1.437" tests="33" errors="0" skipped="0" failures="0">
  <properties>
[...]
</properties>
  <testcase name="changeSensorActivationStatus_6DeactivateInactiveSensor_AlarmStatus(AlarmStatus)[1]" classname="com.udacity.catpoint.CatpointAppTests" time="1.15"/>
  <testcase name="changeSensorActivationStatus_6DeactivateInactiveSensor_AlarmStatus(AlarmStatus)[2]" classname="com.udacity.catpoint.CatpointAppTests" time="0.005"/>
  <testcase name="changeSensorActivationStatus_6DeactivateInactiveSensor_AlarmStatus(AlarmStatus)[3]" classname="com.udacity.catpoint.CatpointAppTests" time="0.004"/>
  <testcase name="changeSensorActivationStatus_3PendingStatusToNone_AlarmStatus(ArmingStatus)[1]" classname="com.udacity.catpoint.CatpointAppTests" time="0.005"/>
  <testcase name="changeSensorActivationStatus_3PendingStatusToNone_AlarmStatus(ArmingStatus)[2]" classname="com.udacity.catpoint.CatpointAppTests" time="0.003"/>
  <testcase name="changeSensorActivationStatus_3PendingStatusToNone_AlarmStatus(ArmingStatus)[3]" classname="com.udacity.catpoint.CatpointAppTests" time="0.004"/>
  <testcase name="changeSensorActivationStatus_2MultipleSensorActivations_AlarmStatus(ArmingStatus)[1]" classname="com.udacity.catpoint.CatpointAppTests" time="0.005"/>
  <testcase name="changeSensorActivationStatus_2MultipleSensorActivations_AlarmStatus(ArmingStatus)[2]" classname="com.udacity.catpoint.CatpointAppTests" time="0.002"/>
  <testcase name="changeSensorActivationStatus_2MultipleSensorActivations_AlarmStatus(ArmingStatus)[3]" classname="com.udacity.catpoint.CatpointAppTests" time="0.003"/>
  <testcase name="changeSensorActivationStatus_5ActivateActiveSensor_AlarmStatus(ArmingStatus)[1]" classname="com.udacity.catpoint.CatpointAppTests" time="0.003"/>
  <testcase name="changeSensorActivationStatus_5ActivateActiveSensor_AlarmStatus(ArmingStatus)[2]" classname="com.udacity.catpoint.CatpointAppTests" time="0.003"/>
  <testcase name="changeSensorActivationStatus_5ActivateActiveSensor_AlarmStatus(ArmingStatus)[3]" classname="com.udacity.catpoint.CatpointAppTests" time="0.003"/>
  <testcase name="changeSensorActivationStatus_4ActiveAlarmStaysActive_AlarmStatus(ArmingStatus)[1]" classname="com.udacity.catpoint.CatpointAppTests" time="0.003"/>
  <testcase name="changeSensorActivationStatus_4ActiveAlarmStaysActive_AlarmStatus(ArmingStatus)[2]" classname="com.udacity.catpoint.CatpointAppTests" time="0.003"/>
  <testcase name="changeSensorActivationStatus_4ActiveAlarmStaysActive_AlarmStatus(ArmingStatus)[3]" classname="com.udacity.catpoint.CatpointAppTests" time="0.003"/>
  <testcase name="changeSensorActivationStatus_11ArmWhileShowingCat_AlarmStatus(ArmingStatus)[1]" classname="com.udacity.catpoint.CatpointAppTests" time="0.015"/>
  <testcase name="changeSensorActivationStatus_11ArmWhileShowingCat_AlarmStatus(ArmingStatus)[2]" classname="com.udacity.catpoint.CatpointAppTests" time="0.003"/>
  <testcase name="changeSensorActivationStatus_10SystemArmed_AlarmStatus(int)[1]" classname="com.udacity.catpoint.CatpointAppTests" time="0.003"/>
  <testcase name="changeSensorActivationStatus_10SystemArmed_AlarmStatus(int)[2]" classname="com.udacity.catpoint.CatpointAppTests" time="0.002"/>
  <testcase name="changeSensorActivationStatus_10SystemArmed_AlarmStatus(int)[3]" classname="com.udacity.catpoint.CatpointAppTests" time="0.001"/>
  <testcase name="changeSensorActivationStatus_10SystemArmed_AlarmStatus(int)[4]" classname="com.udacity.catpoint.CatpointAppTests" time="0.002"/>
  <testcase name="changeSensorActivationStatus_8CatNotDetectedWhileArmedHome_AlarmStatus(int)[1]" classname="com.udacity.catpoint.CatpointAppTests" time="0.003"/>
  <testcase name="changeSensorActivationStatus_8CatNotDetectedWhileArmedHome_AlarmStatus(int)[2]" classname="com.udacity.catpoint.CatpointAppTests" time="0.002"/>
  <testcase name="changeSensorActivationStatus_8CatNotDetectedWhileArmedHome_AlarmStatus(int)[3]" classname="com.udacity.catpoint.CatpointAppTests" time="0.002"/>
  <testcase name="changeSensorActivationStatus_8CatNotDetectedWhileArmedHome_AlarmStatus(int)[4]" classname="com.udacity.catpoint.CatpointAppTests" time="0.003"/>
  <testcase name="changeSensorActivationStatus_7CatDetectedWhileArmedHome_AlarmStatus(ArmingStatus)[1]" classname="com.udacity.catpoint.CatpointAppTests" time="0.002"/>
  <testcase name="changeSensorActivationStatus_7CatDetectedWhileArmedHome_AlarmStatus(ArmingStatus)[2]" classname="com.udacity.catpoint.CatpointAppTests" time="0.002"/>
  <testcase name="changeSensorActivationStatus_7CatDetectedWhileArmedHome_AlarmStatus(ArmingStatus)[3]" classname="com.udacity.catpoint.CatpointAppTests" time="0.002"/>
  <testcase name="changeSensorActivationStatus_1SingleSensorActivation_AlarmStatus(ArmingStatus)[1]" classname="com.udacity.catpoint.CatpointAppTests" time="0.002"/>
  <testcase name="changeSensorActivationStatus_1SingleSensorActivation_AlarmStatus(ArmingStatus)[2]" classname="com.udacity.catpoint.CatpointAppTests" time="0.001"/>
  <testcase name="changeSensorActivationStatus_1SingleSensorActivation_AlarmStatus(ArmingStatus)[3]" classname="com.udacity.catpoint.CatpointAppTests" time="0.002"/>
  <testcase name="changeSensorActivationStatus_9SystemDisarmed_AlarmStatus(ArmingStatus)[1]" classname="com.udacity.catpoint.CatpointAppTests" time="0.001"/>
  <testcase name="changeSensorActivationStatus_9SystemDisarmed_AlarmStatus(ArmingStatus)[2]" classname="com.udacity.catpoint.CatpointAppTests" time="0.002"/>
</testsuite>